<?xml version="1.0" encoding="UTF-8"?>
<!-- Generated by org.testng.reporters.JUnitXMLReporter -->
<testsuite ignored="0" hostname="LTIN516749" failures="0" tests="14" name="Test" time="85.153" errors="0" timestamp="2024-03-10T18:56:16 IST">
  <testcase classname="bikesMain.DisplayNewBikes" name="NewBikes" time="1.574"/>
  <testcase classname="bikesMain.DisplayNewBikes" name="UpcomingBikes" time="1.111"/>
  <testcase classname="bikesMain.DisplayNewBikes" name="ManufacturerDrop" time="2.826"/>
  <testcase classname="bikesMain.DisplayNewBikes" name="ClickHonda" time="1.056"/>
  <testcase classname="bikesMain.DisplayNewBikes" name="Viewmore" time="0.429"/>
  <testcase classname="bikesMain.DisplayNewBikes" name="ModelName" time="3.48"/>
  <testcase classname="bikesMain.DisplayNewBikes" name="Usedcars" time="0.656"/>
  <testcase classname="bikesMain.DisplayNewBikes" name="clickChennai" time="4.962"/>
  <testcase classname="bikesMain.DisplayNewBikes" name="GetCarBrands" time="4.536"/>
  <testcase classname="bikesMain.DisplayNewBikes" name="login" time="0.276"/>
  <testcase classname="bikesMain.DisplayNewBikes" name="Google" time="5.634"/>
  <testcase classname="bikesMain.DisplayNewBikes" name="Lognwndw" time="4.773"/>
  <testcase classname="bikesMain.DisplayNewBikes" name="EnterDetails" time="3.583"/>
  <testcase classname="bikesMain.DisplayNewBikes" name="ErrorMsg" time="1.569"/>
</testsuite> <!-- Test -->
