<?xml version="1.0" encoding="UTF-8"?>
<testng-results ignored="0" total="14" passed="14" failed="0" skipped="0">
  <reporter-output>
  </reporter-output>
  <suite started-at="2024-03-10T18:54:51 IST" name="Suite" finished-at="2024-03-10T18:56:16 IST" duration-ms="85153">
    <groups>
      <group name="smoke">
        <method signature="DisplayNewBikes.NewBikes()[pri:0, instance:bikesMain.DisplayNewBikes@b2c9a9c]" name="NewBikes" class="bikesMain.DisplayNewBikes"/>
        <method signature="DisplayNewBikes.UpcomingBikes()[pri:1, instance:bikesMain.DisplayNewBikes@b2c9a9c]" name="UpcomingBikes" class="bikesMain.DisplayNewBikes"/>
        <method signature="DisplayNewBikes.login()[pri:9, instance:bikesMain.DisplayNewBikes@b2c9a9c]" name="login" class="bikesMain.DisplayNewBikes"/>
        <method signature="DisplayNewBikes.Google()[pri:10, instance:bikesMain.DisplayNewBikes@b2c9a9c]" name="Google" class="bikesMain.DisplayNewBikes"/>
        <method signature="DisplayNewBikes.Lognwndw()[pri:11, instance:bikesMain.DisplayNewBikes@b2c9a9c]" name="Lognwndw" class="bikesMain.DisplayNewBikes"/>
        <method signature="DisplayNewBikes.EnterDetails()[pri:12, instance:bikesMain.DisplayNewBikes@b2c9a9c]" name="EnterDetails" class="bikesMain.DisplayNewBikes"/>
        <method signature="DisplayNewBikes.ErrorMsg()[pri:13, instance:bikesMain.DisplayNewBikes@b2c9a9c]" name="ErrorMsg" class="bikesMain.DisplayNewBikes"/>
      </group> <!-- smoke -->
    </groups>
    <test started-at="2024-03-10T18:54:51 IST" name="Test" finished-at="2024-03-10T18:56:16 IST" duration-ms="85153">
      <class name="bikesMain.DisplayNewBikes">
        <test-method is-config="true" signature="setup()[pri:0, instance:bikesMain.DisplayNewBikes@b2c9a9c]" started-at="2024-03-10T18:54:51 IST" name="setup" finished-at="2024-03-10T18:55:35 IST" duration-ms="43504" status="PASS">
          <reporter-output>
          </reporter-output>
        </test-method> <!-- setup -->
        <test-method signature="NewBikes()[pri:0, instance:bikesMain.DisplayNewBikes@b2c9a9c]" started-at="2024-03-10T18:55:35 IST" name="NewBikes" finished-at="2024-03-10T18:55:36 IST" duration-ms="1574" status="PASS">
          <reporter-output>
          </reporter-output>
        </test-method> <!-- NewBikes -->
        <test-method signature="UpcomingBikes()[pri:1, instance:bikesMain.DisplayNewBikes@b2c9a9c]" started-at="2024-03-10T18:55:36 IST" name="UpcomingBikes" finished-at="2024-03-10T18:55:37 IST" duration-ms="1111" status="PASS">
          <reporter-output>
          </reporter-output>
        </test-method> <!-- UpcomingBikes -->
        <test-method signature="ManufacturerDrop()[pri:2, instance:bikesMain.DisplayNewBikes@b2c9a9c]" started-at="2024-03-10T18:55:37 IST" name="ManufacturerDrop" finished-at="2024-03-10T18:55:40 IST" duration-ms="2826" status="PASS">
          <reporter-output>
          </reporter-output>
        </test-method> <!-- ManufacturerDrop -->
        <test-method signature="ClickHonda()[pri:3, instance:bikesMain.DisplayNewBikes@b2c9a9c]" started-at="2024-03-10T18:55:40 IST" name="ClickHonda" finished-at="2024-03-10T18:55:41 IST" duration-ms="1056" status="PASS">
          <reporter-output>
          </reporter-output>
        </test-method> <!-- ClickHonda -->
        <test-method signature="Viewmore()[pri:4, instance:bikesMain.DisplayNewBikes@b2c9a9c]" started-at="2024-03-10T18:55:41 IST" name="Viewmore" finished-at="2024-03-10T18:55:42 IST" duration-ms="429" status="PASS">
          <reporter-output>
          </reporter-output>
        </test-method> <!-- Viewmore -->
        <test-method signature="ModelName()[pri:5, instance:bikesMain.DisplayNewBikes@b2c9a9c]" started-at="2024-03-10T18:55:42 IST" name="ModelName" finished-at="2024-03-10T18:55:45 IST" duration-ms="3480" status="PASS">
          <reporter-output>
          </reporter-output>
        </test-method> <!-- ModelName -->
        <test-method signature="Usedcars()[pri:6, instance:bikesMain.DisplayNewBikes@b2c9a9c]" started-at="2024-03-10T18:55:45 IST" name="Usedcars" finished-at="2024-03-10T18:55:46 IST" duration-ms="656" status="PASS">
          <reporter-output>
          </reporter-output>
        </test-method> <!-- Usedcars -->
        <test-method signature="clickChennai()[pri:7, instance:bikesMain.DisplayNewBikes@b2c9a9c]" started-at="2024-03-10T18:55:46 IST" name="clickChennai" finished-at="2024-03-10T18:55:51 IST" duration-ms="4962" status="PASS">
          <reporter-output>
          </reporter-output>
        </test-method> <!-- clickChennai -->
        <test-method signature="GetCarBrands()[pri:8, instance:bikesMain.DisplayNewBikes@b2c9a9c]" started-at="2024-03-10T18:55:51 IST" name="GetCarBrands" finished-at="2024-03-10T18:55:55 IST" duration-ms="4536" status="PASS">
          <reporter-output>
          </reporter-output>
        </test-method> <!-- GetCarBrands -->
        <test-method signature="login()[pri:9, instance:bikesMain.DisplayNewBikes@b2c9a9c]" started-at="2024-03-10T18:55:55 IST" name="login" finished-at="2024-03-10T18:55:56 IST" duration-ms="276" status="PASS">
          <reporter-output>
          </reporter-output>
        </test-method> <!-- login -->
        <test-method signature="Google()[pri:10, instance:bikesMain.DisplayNewBikes@b2c9a9c]" started-at="2024-03-10T18:55:56 IST" name="Google" finished-at="2024-03-10T18:56:01 IST" duration-ms="5634" status="PASS">
          <reporter-output>
          </reporter-output>
        </test-method> <!-- Google -->
        <test-method signature="Lognwndw()[pri:11, instance:bikesMain.DisplayNewBikes@b2c9a9c]" started-at="2024-03-10T18:56:01 IST" name="Lognwndw" finished-at="2024-03-10T18:56:06 IST" duration-ms="4773" status="PASS">
          <reporter-output>
          </reporter-output>
        </test-method> <!-- Lognwndw -->
        <test-method signature="EnterDetails()[pri:12, instance:bikesMain.DisplayNewBikes@b2c9a9c]" started-at="2024-03-10T18:56:06 IST" name="EnterDetails" finished-at="2024-03-10T18:56:10 IST" duration-ms="3583" status="PASS">
          <reporter-output>
          </reporter-output>
        </test-method> <!-- EnterDetails -->
        <test-method signature="ErrorMsg()[pri:13, instance:bikesMain.DisplayNewBikes@b2c9a9c]" started-at="2024-03-10T18:56:10 IST" name="ErrorMsg" finished-at="2024-03-10T18:56:11 IST" duration-ms="1569" status="PASS">
          <reporter-output>
          </reporter-output>
        </test-method> <!-- ErrorMsg -->
        <test-method is-config="true" signature="Close()[pri:0, instance:bikesMain.DisplayNewBikes@b2c9a9c]" started-at="2024-03-10T18:56:11 IST" name="Close" finished-at="2024-03-10T18:56:16 IST" duration-ms="4562" status="PASS">
          <reporter-output>
          </reporter-output>
        </test-method> <!-- Close -->
      </class> <!-- bikesMain.DisplayNewBikes -->
    </test> <!-- Test -->
  </suite> <!-- Suite -->
</testng-results>
